#! /c/Source/iverilog-install/bin/vvp
:ivl_version "12.0 (devel)" "(s20150603-1539-g2693dd32b)";
:ivl_delay_selection "TYPICAL";
:vpi_time_precision + 0;
:vpi_module "C:\iverilog\lib\ivl\system.vpi";
:vpi_module "C:\iverilog\lib\ivl\vhdl_sys.vpi";
:vpi_module "C:\iverilog\lib\ivl\vhdl_textio.vpi";
:vpi_module "C:\iverilog\lib\ivl\v2005_math.vpi";
:vpi_module "C:\iverilog\lib\ivl\va_math.vpi";
S_000001e651da6a80 .scope module, "first_counter" "first_counter" 2 1;
 .timescale 0 0;
    .port_info 0 /INPUT 1 "clock";
    .port_info 1 /INPUT 1 "reset";
    .port_info 2 /INPUT 1 "enable";
    .port_info 3 /OUTPUT 4 "counter_out";
o000001e651cc6fa8 .functor BUFZ 1, C4<z>; HiZ drive
v000001e651da71f0_0 .net "clock", 0 0, o000001e651cc6fa8;  0 drivers
v000001e651dad5e0_0 .var "counter_out", 3 0;
o000001e651cc7008 .functor BUFZ 1, C4<z>; HiZ drive
v000001e651dad680_0 .net "enable", 0 0, o000001e651cc7008;  0 drivers
o000001e651cc7038 .functor BUFZ 1, C4<z>; HiZ drive
v000001e651dad720_0 .net "reset", 0 0, o000001e651cc7038;  0 drivers
E_000001e651da8cb0 .event posedge, v000001e651da71f0_0;
S_000001e651da6c10 .scope begin, "COUNTER" "COUNTER" 2 27, 2 27 0, S_000001e651da6a80;
 .timescale 0 0;
    .scope S_000001e651da6a80;
T_0 ;
    %wait E_000001e651da8cb0;
    %fork t_1, S_000001e651da6c10;
    %jmp t_0;
    .scope S_000001e651da6c10;
t_1 ;
    %load/vec4 v000001e651dad720_0;
    %cmpi/e 1, 0, 1;
    %jmp/0xz  T_0.0, 4;
    %pushi/vec4 0, 0, 4;
    %assign/vec4 v000001e651dad5e0_0, 1;
    %jmp T_0.1;
T_0.0 ;
    %load/vec4 v000001e651dad680_0;
    %cmpi/e 1, 0, 1;
    %jmp/0xz  T_0.2, 4;
    %load/vec4 v000001e651dad5e0_0;
    %addi 1, 0, 4;
    %assign/vec4 v000001e651dad5e0_0, 1;
T_0.2 ;
T_0.1 ;
    %end;
    .scope S_000001e651da6a80;
t_0 %join;
    %jmp T_0;
    .thread T_0;
# The file index is used to find the file name in the following table.
:file_names 3;
    "N/A";
    "<interactive>";
    "counter.v";
